<?xml version="1.0" encoding="UTF-8"?>
<testng-results skipped="0" failed="0" ignored="0" total="1" passed="1">
  <reporter-output>
  </reporter-output>
  <suite name="Default suite" duration-ms="648907" started-at="2018-11-20T07:03:07Z" finished-at="2018-11-20T07:13:56Z">
    <groups>
    </groups>
    <test name="Default test" duration-ms="648907" started-at="2018-11-20T07:03:07Z" finished-at="2018-11-20T07:13:56Z">
      <class name="com.b2c.Test.TestController">
        <test-method status="PASS" signature="initBrowser()[pri:0, instance:com.b2c.Test.TestController@56235b8e]" name="initBrowser" is-config="true" duration-ms="2616" started-at="2018-11-20T12:33:07Z" finished-at="2018-11-20T12:33:10Z">
          <reporter-output>
          </reporter-output>
        </test-method> <!-- initBrowser -->
        <test-method status="PASS" signature="TestCaseController()[pri:0, instance:com.b2c.Test.TestController@56235b8e]" name="TestCaseController" duration-ms="623477" started-at="2018-11-20T12:33:10Z" finished-at="2018-11-20T12:43:33Z">
          <reporter-output>
          </reporter-output>
        </test-method> <!-- TestCaseController -->
        <test-method status="PASS" signature="quitBrowser()[pri:0, instance:com.b2c.Test.TestController@56235b8e]" name="quitBrowser" is-config="true" duration-ms="22778" started-at="2018-11-20T12:43:33Z" finished-at="2018-11-20T12:43:56Z">
          <reporter-output>
          </reporter-output>
        </test-method> <!-- quitBrowser -->
      </class> <!-- com.b2c.Test.TestController -->
    </test> <!-- Default test -->
  </suite> <!-- Default suite -->
</testng-results>
