<?xml version="1.0" encoding="UTF-8"?>
<!-- Generated by org.testng.reporters.JUnitXMLReporter -->
<testsuite hostname="B2C-IT-LAP090" ignored="0" name="Test" tests="1" failures="1" timestamp="12 Oct 2018 20:05:03 GMT" time="1.407" errors="0">
  <testcase name="@AfterClass quitBrowser" time="0.0" classname="com.b2c.Test.TestController">
    <failure type="java.lang.NullPointerException">
      <![CDATA[java.lang.NullPointerException
	at com.b2c.Test.TestController.quitBrowser(TestController.java:42)
... Removed 25 stack frames]]>
    </failure>
  </testcase> <!-- @AfterClass quitBrowser -->
  <testcase name="TestCaseController" time="0.063" classname="com.b2c.Test.TestController">
    <failure type="java.lang.NumberFormatException" message="For input string: &amp;quot;2.0&amp;quot;">
      <![CDATA[java.lang.NumberFormatException: For input string: "2.0"
	at java.lang.NumberFormatException.forInputString(NumberFormatException.java:65)
	at java.lang.Integer.parseInt(Integer.java:580)
	at java.lang.Integer.valueOf(Integer.java:766)
	at com.b2c.Test.TestController.TestCaseController(TestController.java:103)
... Removed 25 stack frames]]>
    </failure>
  </testcase> <!-- TestCaseController -->
</testsuite> <!-- Test -->
